{"level":"info","message":"Server running on port 8000","timestamp":"2024-11-14T05:06:21.272Z"}
{"level":"info","message":"MongoDB connected successfully","timestamp":"2024-11-14T05:06:22.029Z"}
{"level":"info","message":"Server running on port 8000","timestamp":"2024-11-14T05:07:42.246Z"}
{"level":"info","message":"MongoDB connected successfully","timestamp":"2024-11-14T05:07:43.037Z"}
{"level":"info","message":"::1 - - [14/Nov/2024:05:08:44 +0000] \"POST /api/auth/register HTTP/1.1\" 400 123 \"-\" \"-\"","timestamp":"2024-11-14T05:08:44.180Z"}
{"level":"info","message":"Server running on port 8000","timestamp":"2024-11-14T05:10:28.265Z"}
{"level":"info","message":"MongoDB connected successfully","timestamp":"2024-11-14T05:10:28.982Z"}
{"level":"error","message":"E11000 duplicate key error collection: test.users index: email_1 dup key: { email: \"enestalayy@gmail.com\" }","requestInfo":{"ip":"::1","method":"POST","url":"/api/auth/register"},"stack":"MongoServerError: E11000 duplicate key error collection: test.users index: email_1 dup key: { email: \"enestalayy@gmail.com\" }\n    at InsertOneOperation.execute (D:\\Projects\\passport-auth\\node_modules\\mongodb\\lib\\operations\\insert.js:51:19)\n    at process.processTicksAndRejections (node:internal/process/task_queues:95:5)\n    at async tryOperation (D:\\Projects\\passport-auth\\node_modules\\mongodb\\lib\\operations\\execute_operation.js:199:20)\n    at async executeOperation (D:\\Projects\\passport-auth\\node_modules\\mongodb\\lib\\operations\\execute_operation.js:69:16)\n    at async Collection.insertOne (D:\\Projects\\passport-auth\\node_modules\\mongodb\\lib\\collection.js:154:16)","timestamp":"2024-11-14T05:10:36.349Z"}
{"level":"info","message":"::1 - - [14/Nov/2024:05:10:36 +0000] \"POST /api/auth/register HTTP/1.1\" 500 853 \"-\" \"-\"","timestamp":"2024-11-14T05:10:36.353Z"}
{"level":"error","message":"Invalid login: 535-5.7.8 Username and Password not accepted. For more information, go to\n535 5.7.8  https://support.google.com/mail/?p=BadCredentials 5b1f17b1804b1-432da265c9asm9656545e9.16 - gsmtp","requestInfo":{"ip":"::1","method":"POST","url":"/api/auth/register"},"stack":"Error: Invalid login: 535-5.7.8 Username and Password not accepted. For more information, go to\n535 5.7.8  https://support.google.com/mail/?p=BadCredentials 5b1f17b1804b1-432da265c9asm9656545e9.16 - gsmtp\n    at SMTPConnection._formatError (D:\\Projects\\passport-auth\\node_modules\\nodemailer\\lib\\smtp-connection\\index.js:807:19)\n    at SMTPConnection._actionAUTHComplete (D:\\Projects\\passport-auth\\node_modules\\nodemailer\\lib\\smtp-connection\\index.js:1586:34)\n    at SMTPConnection.<anonymous> (D:\\Projects\\passport-auth\\node_modules\\nodemailer\\lib\\smtp-connection\\index.js:554:26)\n    at SMTPConnection._processResponse (D:\\Projects\\passport-auth\\node_modules\\nodemailer\\lib\\smtp-connection\\index.js:991:20)\n    at SMTPConnection._onData (D:\\Projects\\passport-auth\\node_modules\\nodemailer\\lib\\smtp-connection\\index.js:772:14)\n    at SMTPConnection._onSocketData (D:\\Projects\\passport-auth\\node_modules\\nodemailer\\lib\\smtp-connection\\index.js:195:44)\n    at TLSSocket.emit (node:events:518:28)\n    at addChunk (node:internal/streams/readable:559:12)\n    at readableAddChunkPushByteMode (node:internal/streams/readable:510:3)\n    at Readable.push (node:internal/streams/readable:390:5)","timestamp":"2024-11-14T05:10:52.382Z"}
{"level":"info","message":"::1 - - [14/Nov/2024:05:10:52 +0000] \"POST /api/auth/register HTTP/1.1\" 500 1476 \"-\" \"-\"","timestamp":"2024-11-14T05:10:52.384Z"}
{"level":"info","message":"Server running on port 8000","timestamp":"2024-11-14T07:45:27.024Z"}
{"level":"info","message":"MongoDB connected successfully","timestamp":"2024-11-14T07:45:27.803Z"}
{"level":"info","message":"::1 - - [14/Nov/2024:07:45:54 +0000] \"POST /api/auth/register HTTP/1.1\" 201 178 \"-\" \"-\"","timestamp":"2024-11-14T07:45:54.989Z"}
{"level":"info","message":"Server running on port 8000","timestamp":"2024-11-14T08:02:45.720Z"}
{"level":"info","message":"MongoDB connected successfully","timestamp":"2024-11-14T08:02:46.511Z"}
{"level":"info","message":"::1 - - [14/Nov/2024:08:03:25 +0000] \"POST /api/auth/register HTTP/1.1\" 201 178 \"-\" \"-\"","timestamp":"2024-11-14T08:03:25.396Z"}
{"level":"info","message":"::1 - - [14/Nov/2024:08:29:22 +0000] \"GET /verify-email?token=f6cd12e8d581dff6a303711bf9aae00131fcca55ff051f82f2c528737033317d HTTP/1.1\" 404 151 \"-\" \"Mozilla/5.0 (Windows NT 10.0; Win64; x64) AppleWebKit/537.36 (KHTML, like Gecko) Chrome/131.0.0.0 Safari/537.36\"","timestamp":"2024-11-14T08:29:22.487Z"}
{"level":"info","message":"::1 - - [14/Nov/2024:08:31:37 +0000] \"GET /verify-email?token=f6cd12e8d581dff6a303711bf9aae00131fcca55ff051f82f2c528737033317d HTTP/1.1\" 404 151 \"-\" \"Mozilla/5.0 (Windows NT 10.0; Win64; x64) AppleWebKit/537.36 (KHTML, like Gecko) Chrome/131.0.0.0 Safari/537.36\"","timestamp":"2024-11-14T08:31:37.116Z"}
{"level":"info","message":"Server running on port 8000","timestamp":"2024-11-14T08:58:37.372Z"}
{"level":"info","message":"MongoDB connected successfully","timestamp":"2024-11-14T08:58:38.115Z"}
{"level":"info","message":"::1 - - [14/Nov/2024:08:59:03 +0000] \"POST /api/auth/register HTTP/1.1\" 201 178 \"-\" \"-\"","timestamp":"2024-11-14T08:59:03.507Z"}
{"level":"info","message":"::1 - - [14/Nov/2024:08:59:46 +0000] \"GET /verify-email?token=cc2bb402e552e39d18629e3074bf0a868909b08a397bd671c8148ec78f156eb6 HTTP/1.1\" 404 151 \"-\" \"Mozilla/5.0 (Windows NT 10.0; Win64; x64) AppleWebKit/537.36 (KHTML, like Gecko) Chrome/131.0.0.0 Safari/537.36\"","timestamp":"2024-11-14T08:59:46.576Z"}
{"level":"info","message":"::1 - - [14/Nov/2024:09:00:03 +0000] \"GET /verify-email?token=cc2bb402e552e39d18629e3074bf0a868909b08a397bd671c8148ec78f156eb6 HTTP/1.1\" 404 151 \"-\" \"Mozilla/5.0 (Windows NT 10.0; Win64; x64) AppleWebKit/537.36 (KHTML, like Gecko) Chrome/131.0.0.0 Safari/537.36\"","timestamp":"2024-11-14T09:00:03.785Z"}
{"level":"info","message":"::1 - - [14/Nov/2024:09:00:43 +0000] \"GET /api/verify-email?token=cc2bb402e552e39d18629e3074bf0a868909b08a397bd671c8148ec78f156eb6 HTTP/1.1\" 404 155 \"-\" \"Mozilla/5.0 (Windows NT 10.0; Win64; x64) AppleWebKit/537.36 (KHTML, like Gecko) Chrome/131.0.0.0 Safari/537.36\"","timestamp":"2024-11-14T09:00:43.967Z"}
{"level":"info","message":"::1 - - [14/Nov/2024:09:02:48 +0000] \"GET /api/auth/verify-email?token=cc2bb402e552e39d18629e3074bf0a868909b08a397bd671c8148ec78f156eb6 HTTP/1.1\" 200 41 \"-\" \"Mozilla/5.0 (Windows NT 10.0; Win64; x64) AppleWebKit/537.36 (KHTML, like Gecko) Chrome/131.0.0.0 Safari/537.36\"","timestamp":"2024-11-14T09:02:48.549Z"}
{"level":"info","message":"::1 - - [14/Nov/2024:09:02:49 +0000] \"GET /favicon.ico HTTP/1.1\" 404 150 \"-\" \"Mozilla/5.0 (Windows NT 10.0; Win64; x64) AppleWebKit/537.36 (KHTML, like Gecko) Chrome/131.0.0.0 Safari/537.36\"","timestamp":"2024-11-14T09:02:49.758Z"}
{"level":"info","message":"::1 - - [14/Nov/2024:09:03:08 +0000] \"POST /api/auth/register HTTP/1.1\" 201 178 \"-\" \"-\"","timestamp":"2024-11-14T09:03:08.978Z"}
{"level":"info","message":"::1 - - [14/Nov/2024:09:07:19 +0000] \"POST /api/auth/register HTTP/1.1\" 201 178 \"-\" \"-\"","timestamp":"2024-11-14T09:07:19.669Z"}
{"level":"info","message":"::1 - - [14/Nov/2024:09:09:54 +0000] \"POST /api/auth/register HTTP/1.1\" 201 178 \"-\" \"-\"","timestamp":"2024-11-14T09:09:54.289Z"}
{"level":"error","message":"Unknown authentication strategy \"jwt\"","requestInfo":{"ip":"::1","method":"POST","url":"/api/auth/logout"},"stack":"Error: Unknown authentication strategy \"jwt\"\n    at attempt (D:\\Projects\\passport-auth\\node_modules\\passport\\lib\\middleware\\authenticate.js:193:39)\n    at authenticate (D:\\Projects\\passport-auth\\node_modules\\passport\\lib\\middleware\\authenticate.js:379:7)\n    at Layer.handle [as handle_request] (D:\\Projects\\passport-auth\\node_modules\\express\\lib\\router\\layer.js:95:5)\n    at next (D:\\Projects\\passport-auth\\node_modules\\express\\lib\\router\\route.js:149:13)\n    at Route.dispatch (D:\\Projects\\passport-auth\\node_modules\\express\\lib\\router\\route.js:119:3)\n    at Layer.handle [as handle_request] (D:\\Projects\\passport-auth\\node_modules\\express\\lib\\router\\layer.js:95:5)\n    at D:\\Projects\\passport-auth\\node_modules\\express\\lib\\router\\index.js:284:15\n    at Function.process_params (D:\\Projects\\passport-auth\\node_modules\\express\\lib\\router\\index.js:346:12)\n    at next (D:\\Projects\\passport-auth\\node_modules\\express\\lib\\router\\index.js:280:10)\n    at Function.handle (D:\\Projects\\passport-auth\\node_modules\\express\\lib\\router\\index.js:175:3)","timestamp":"2024-11-14T11:31:38.019Z"}
{"level":"info","message":"::1 - - [14/Nov/2024:11:31:38 +0000] \"POST /api/auth/logout HTTP/1.1\" 500 1204 \"-\" \"-\"","timestamp":"2024-11-14T11:31:38.021Z"}
{"level":"error","message":"Unknown authentication strategy \"jwt\"","requestInfo":{"ip":"::1","method":"POST","url":"/api/auth/logout"},"stack":"Error: Unknown authentication strategy \"jwt\"\n    at attempt (D:\\Projects\\passport-auth\\node_modules\\passport\\lib\\middleware\\authenticate.js:193:39)\n    at authenticate (D:\\Projects\\passport-auth\\node_modules\\passport\\lib\\middleware\\authenticate.js:379:7)\n    at Layer.handle [as handle_request] (D:\\Projects\\passport-auth\\node_modules\\express\\lib\\router\\layer.js:95:5)\n    at next (D:\\Projects\\passport-auth\\node_modules\\express\\lib\\router\\route.js:149:13)\n    at Route.dispatch (D:\\Projects\\passport-auth\\node_modules\\express\\lib\\router\\route.js:119:3)\n    at Layer.handle [as handle_request] (D:\\Projects\\passport-auth\\node_modules\\express\\lib\\router\\layer.js:95:5)\n    at D:\\Projects\\passport-auth\\node_modules\\express\\lib\\router\\index.js:284:15\n    at Function.process_params (D:\\Projects\\passport-auth\\node_modules\\express\\lib\\router\\index.js:346:12)\n    at next (D:\\Projects\\passport-auth\\node_modules\\express\\lib\\router\\index.js:280:10)\n    at Function.handle (D:\\Projects\\passport-auth\\node_modules\\express\\lib\\router\\index.js:175:3)","timestamp":"2024-11-14T11:31:48.350Z"}
{"level":"info","message":"::1 - - [14/Nov/2024:11:31:48 +0000] \"POST /api/auth/logout HTTP/1.1\" 500 1204 \"-\" \"-\"","timestamp":"2024-11-14T11:31:48.351Z"}
{"level":"error","message":"Unknown authentication strategy \"jwt\"","requestInfo":{"ip":"::1","method":"POST","url":"/api/auth/logout"},"stack":"Error: Unknown authentication strategy \"jwt\"\n    at attempt (D:\\Projects\\passport-auth\\node_modules\\passport\\lib\\middleware\\authenticate.js:193:39)\n    at authenticate (D:\\Projects\\passport-auth\\node_modules\\passport\\lib\\middleware\\authenticate.js:379:7)\n    at Layer.handle [as handle_request] (D:\\Projects\\passport-auth\\node_modules\\express\\lib\\router\\layer.js:95:5)\n    at next (D:\\Projects\\passport-auth\\node_modules\\express\\lib\\router\\route.js:149:13)\n    at Route.dispatch (D:\\Projects\\passport-auth\\node_modules\\express\\lib\\router\\route.js:119:3)\n    at Layer.handle [as handle_request] (D:\\Projects\\passport-auth\\node_modules\\express\\lib\\router\\layer.js:95:5)\n    at D:\\Projects\\passport-auth\\node_modules\\express\\lib\\router\\index.js:284:15\n    at Function.process_params (D:\\Projects\\passport-auth\\node_modules\\express\\lib\\router\\index.js:346:12)\n    at next (D:\\Projects\\passport-auth\\node_modules\\express\\lib\\router\\index.js:280:10)\n    at Function.handle (D:\\Projects\\passport-auth\\node_modules\\express\\lib\\router\\index.js:175:3)","timestamp":"2024-11-14T11:35:26.351Z"}
{"level":"info","message":"::1 - - [14/Nov/2024:11:35:26 +0000] \"POST /api/auth/logout HTTP/1.1\" 500 1204 \"-\" \"-\"","timestamp":"2024-11-14T11:35:26.352Z"}
{"level":"error","message":"Unknown authentication strategy \"jwt\"","requestInfo":{"ip":"::1","method":"POST","url":"/api/auth/logout"},"stack":"Error: Unknown authentication strategy \"jwt\"\n    at attempt (D:\\Projects\\passport-auth\\node_modules\\passport\\lib\\middleware\\authenticate.js:193:39)\n    at authenticate (D:\\Projects\\passport-auth\\node_modules\\passport\\lib\\middleware\\authenticate.js:379:7)\n    at Layer.handle [as handle_request] (D:\\Projects\\passport-auth\\node_modules\\express\\lib\\router\\layer.js:95:5)\n    at next (D:\\Projects\\passport-auth\\node_modules\\express\\lib\\router\\route.js:149:13)\n    at Route.dispatch (D:\\Projects\\passport-auth\\node_modules\\express\\lib\\router\\route.js:119:3)\n    at Layer.handle [as handle_request] (D:\\Projects\\passport-auth\\node_modules\\express\\lib\\router\\layer.js:95:5)\n    at D:\\Projects\\passport-auth\\node_modules\\express\\lib\\router\\index.js:284:15\n    at Function.process_params (D:\\Projects\\passport-auth\\node_modules\\express\\lib\\router\\index.js:346:12)\n    at next (D:\\Projects\\passport-auth\\node_modules\\express\\lib\\router\\index.js:280:10)\n    at Function.handle (D:\\Projects\\passport-auth\\node_modules\\express\\lib\\router\\index.js:175:3)","timestamp":"2024-11-14T11:35:28.928Z"}
{"level":"info","message":"::1 - - [14/Nov/2024:11:35:28 +0000] \"POST /api/auth/logout HTTP/1.1\" 500 1204 \"-\" \"-\"","timestamp":"2024-11-14T11:35:28.929Z"}
{"level":"error","message":"Unknown authentication strategy \"jwt\"","requestInfo":{"ip":"::1","method":"POST","url":"/api/auth/logout"},"stack":"Error: Unknown authentication strategy \"jwt\"\n    at attempt (D:\\Projects\\passport-auth\\node_modules\\passport\\lib\\middleware\\authenticate.js:193:39)\n    at authenticate (D:\\Projects\\passport-auth\\node_modules\\passport\\lib\\middleware\\authenticate.js:379:7)\n    at Layer.handle [as handle_request] (D:\\Projects\\passport-auth\\node_modules\\express\\lib\\router\\layer.js:95:5)\n    at next (D:\\Projects\\passport-auth\\node_modules\\express\\lib\\router\\route.js:149:13)\n    at Route.dispatch (D:\\Projects\\passport-auth\\node_modules\\express\\lib\\router\\route.js:119:3)\n    at Layer.handle [as handle_request] (D:\\Projects\\passport-auth\\node_modules\\express\\lib\\router\\layer.js:95:5)\n    at D:\\Projects\\passport-auth\\node_modules\\express\\lib\\router\\index.js:284:15\n    at Function.process_params (D:\\Projects\\passport-auth\\node_modules\\express\\lib\\router\\index.js:346:12)\n    at next (D:\\Projects\\passport-auth\\node_modules\\express\\lib\\router\\index.js:280:10)\n    at Function.handle (D:\\Projects\\passport-auth\\node_modules\\express\\lib\\router\\index.js:175:3)","timestamp":"2024-11-14T11:35:30.170Z"}
{"level":"info","message":"::1 - - [14/Nov/2024:11:35:30 +0000] \"POST /api/auth/logout HTTP/1.1\" 500 1204 \"-\" \"-\"","timestamp":"2024-11-14T11:35:30.172Z"}
{"level":"info","message":"Server running on port 8000","timestamp":"2024-11-14T11:47:49.313Z"}
{"level":"info","message":"MongoDB connected successfully","timestamp":"2024-11-14T11:47:50.047Z"}
{"level":"error","message":"Unknown authentication strategy \"jwt\"","requestInfo":{"ip":"::1","method":"POST","url":"/api/auth/logout"},"stack":"Error: Unknown authentication strategy \"jwt\"\n    at attempt (D:\\Projects\\passport-auth\\node_modules\\passport\\lib\\middleware\\authenticate.js:193:39)\n    at authenticate (D:\\Projects\\passport-auth\\node_modules\\passport\\lib\\middleware\\authenticate.js:379:7)\n    at Layer.handle [as handle_request] (D:\\Projects\\passport-auth\\node_modules\\express\\lib\\router\\layer.js:95:5)\n    at next (D:\\Projects\\passport-auth\\node_modules\\express\\lib\\router\\route.js:149:13)\n    at Route.dispatch (D:\\Projects\\passport-auth\\node_modules\\express\\lib\\router\\route.js:119:3)\n    at Layer.handle [as handle_request] (D:\\Projects\\passport-auth\\node_modules\\express\\lib\\router\\layer.js:95:5)\n    at D:\\Projects\\passport-auth\\node_modules\\express\\lib\\router\\index.js:284:15\n    at Function.process_params (D:\\Projects\\passport-auth\\node_modules\\express\\lib\\router\\index.js:346:12)\n    at next (D:\\Projects\\passport-auth\\node_modules\\express\\lib\\router\\index.js:280:10)\n    at Function.handle (D:\\Projects\\passport-auth\\node_modules\\express\\lib\\router\\index.js:175:3)","timestamp":"2024-11-14T11:49:24.665Z"}
{"level":"info","message":"::1 - - [14/Nov/2024:11:49:24 +0000] \"POST /api/auth/logout HTTP/1.1\" 500 1204 \"-\" \"-\"","timestamp":"2024-11-14T11:49:24.670Z"}
{"level":"info","message":"Server running on port 8000","timestamp":"2024-11-14T12:00:16.268Z"}
{"level":"info","message":"MongoDB connected successfully","timestamp":"2024-11-14T12:00:17.103Z"}
{"level":"error","message":"Unknown authentication strategy \"jwt\"","requestInfo":{"ip":"::1","method":"POST","url":"/api/auth/logout"},"stack":"Error: Unknown authentication strategy \"jwt\"\n    at attempt (D:\\Projects\\passport-auth\\node_modules\\passport\\lib\\middleware\\authenticate.js:193:39)\n    at authenticate (D:\\Projects\\passport-auth\\node_modules\\passport\\lib\\middleware\\authenticate.js:379:7)\n    at Layer.handle [as handle_request] (D:\\Projects\\passport-auth\\node_modules\\express\\lib\\router\\layer.js:95:5)\n    at next (D:\\Projects\\passport-auth\\node_modules\\express\\lib\\router\\route.js:149:13)\n    at Route.dispatch (D:\\Projects\\passport-auth\\node_modules\\express\\lib\\router\\route.js:119:3)\n    at Layer.handle [as handle_request] (D:\\Projects\\passport-auth\\node_modules\\express\\lib\\router\\layer.js:95:5)\n    at D:\\Projects\\passport-auth\\node_modules\\express\\lib\\router\\index.js:284:15\n    at Function.process_params (D:\\Projects\\passport-auth\\node_modules\\express\\lib\\router\\index.js:346:12)\n    at next (D:\\Projects\\passport-auth\\node_modules\\express\\lib\\router\\index.js:280:10)\n    at Function.handle (D:\\Projects\\passport-auth\\node_modules\\express\\lib\\router\\index.js:175:3)","timestamp":"2024-11-14T12:00:22.154Z"}
{"level":"info","message":"::1 - - [14/Nov/2024:12:00:22 +0000] \"POST /api/auth/logout HTTP/1.1\" 500 1204 \"-\" \"-\"","timestamp":"2024-11-14T12:00:22.159Z"}
{"level":"info","message":"Server running on port 8000","timestamp":"2024-11-14T12:00:40.365Z"}
{"level":"info","message":"MongoDB connected successfully","timestamp":"2024-11-14T12:00:41.010Z"}
{"level":"info","message":"::1 - - [14/Nov/2024:12:00:48 +0000] \"POST /api/auth/logout HTTP/1.1\" 401 - \"-\" \"-\"","timestamp":"2024-11-14T12:00:48.990Z"}
{"level":"info","message":"::1 - - [14/Nov/2024:12:01:57 +0000] \"POST /api/auth/logout HTTP/1.1\" 401 - \"-\" \"-\"","timestamp":"2024-11-14T12:01:57.477Z"}
{"level":"info","message":"Server running on port 8000","timestamp":"2024-11-14T12:04:03.678Z"}
{"level":"info","message":"MongoDB connected successfully","timestamp":"2024-11-14T12:04:04.456Z"}
{"level":"info","message":"::1 - - [14/Nov/2024:12:04:07 +0000] \"POST /api/auth/logout HTTP/1.1\" 401 - \"-\" \"-\"","timestamp":"2024-11-14T12:04:07.520Z"}
{"level":"info","message":"Server running on port 8000","timestamp":"2024-11-14T12:06:26.585Z"}
{"level":"info","message":"MongoDB connected successfully","timestamp":"2024-11-14T12:06:27.283Z"}
{"level":"info","message":"::1 - - [14/Nov/2024:12:06:37 +0000] \"POST /api/auth/logout HTTP/1.1\" 401 - \"-\" \"-\"","timestamp":"2024-11-14T12:06:37.494Z"}
{"level":"info","message":"::1 - - [14/Nov/2024:12:06:45 +0000] \"POST /api/auth/login HTTP/1.1\" 200 513 \"-\" \"-\"","timestamp":"2024-11-14T12:06:45.024Z"}
{"level":"info","message":"::1 - - [14/Nov/2024:12:07:14 +0000] \"POST /api/auth/logout HTTP/1.1\" 401 - \"-\" \"-\"","timestamp":"2024-11-14T12:07:14.165Z"}
{"level":"info","message":"::1 - - [14/Nov/2024:12:08:10 +0000] \"POST /api/auth/logout HTTP/1.1\" 401 - \"-\" \"-\"","timestamp":"2024-11-14T12:08:10.018Z"}
{"level":"info","message":"Server running on port 8000","timestamp":"2024-11-14T12:09:04.847Z"}
{"level":"info","message":"MongoDB connected successfully","timestamp":"2024-11-14T12:09:05.600Z"}
{"level":"info","message":"::1 - - [14/Nov/2024:12:10:09 +0000] \"POST /api/auth/logout HTTP/1.1\" 401 - \"-\" \"-\"","timestamp":"2024-11-14T12:10:09.397Z"}
{"level":"info","message":"Server running on port 8000","timestamp":"2024-11-14T12:10:44.274Z"}
{"level":"info","message":"MongoDB connected successfully","timestamp":"2024-11-14T12:10:45.021Z"}
{"level":"info","message":"::1 - - [14/Nov/2024:12:10:48 +0000] \"POST /api/auth/logout HTTP/1.1\" 200 37 \"-\" \"-\"","timestamp":"2024-11-14T12:10:48.735Z"}
{"level":"info","message":"::1 - - [14/Nov/2024:12:17:45 +0000] \"POST /api/auth/logout HTTP/1.1\" 200 37 \"-\" \"-\"","timestamp":"2024-11-14T12:17:45.961Z"}
{"level":"info","message":"::1 - - [14/Nov/2024:12:19:03 +0000] \"POST /api/auth/login HTTP/1.1\" 200 513 \"-\" \"-\"","timestamp":"2024-11-14T12:19:03.100Z"}
{"level":"info","message":"::1 - - [14/Nov/2024:12:20:14 +0000] \"POST /api/auth/refresh-token HTTP/1.1\" 200 407 \"-\" \"-\"","timestamp":"2024-11-14T12:20:14.924Z"}
{"level":"info","message":"::1 - - [14/Nov/2024:12:25:41 +0000] \"POST /api/auth/forgot-password HTTP/1.1\" 200 39 \"-\" \"-\"","timestamp":"2024-11-14T12:25:41.375Z"}
{"level":"info","message":"Server running on port 8000","timestamp":"2024-11-14T12:26:42.580Z"}
{"level":"info","message":"MongoDB connected successfully","timestamp":"2024-11-14T12:26:43.360Z"}
{"level":"info","message":"::1 - - [14/Nov/2024:12:26:52 +0000] \"POST /api/auth/forgot-password HTTP/1.1\" 200 39 \"-\" \"-\"","timestamp":"2024-11-14T12:26:52.120Z"}
{"level":"info","message":"::1 - - [14/Nov/2024:12:28:53 +0000] \"POST /api/auth/reset-password HTTP/1.1\" 200 39 \"-\" \"-\"","timestamp":"2024-11-14T12:28:53.087Z"}
{"level":"info","message":"::1 - - [14/Nov/2024:12:29:13 +0000] \"POST /api/auth/login HTTP/1.1\" 401 - \"-\" \"-\"","timestamp":"2024-11-14T12:29:13.050Z"}
{"level":"info","message":"::1 - - [14/Nov/2024:12:29:23 +0000] \"POST /api/auth/login HTTP/1.1\" 200 513 \"-\" \"-\"","timestamp":"2024-11-14T12:29:23.989Z"}
